<?xml version="1.0" encoding="UTF-8"?>
<robot generator="Robot 5.0 (Python 3.10.4 on win32)" generated="20230911 15:53:19.523" rpa="false" schemaversion="3">
<suite id="s1" name="Tests" source="C:\coding\RobotFramework_BrianLamb\RobotFramework_2\Iltasanomat_6\Tests">
<suite id="s1-s1" name="Example" source="C:\coding\RobotFramework_BrianLamb\RobotFramework_2\Iltasanomat_6\Tests\example.robot">
<test id="s1-s1-t1" name="Test case 1" line="14">
<kw name="Open Browser" library="SeleniumLibrary">
<arg>${URL}</arg>
<arg>${BROWSER}</arg>
<doc>Opens a new browser instance to the optional ``url``.</doc>
<msg timestamp="20230911 15:53:19.690" level="INFO">Opening browser 'chrome' to base url 'https://www.is.fi/'.</msg>
<status status="PASS" starttime="20230911 15:53:19.690" endtime="20230911 15:53:21.776"/>
</kw>
<kw name="Sleep" library="BuiltIn">
<arg>1</arg>
<doc>Pauses the test executed for the given time.</doc>
<msg timestamp="20230911 15:53:22.790" level="INFO">Slept 1 second</msg>
<status status="PASS" starttime="20230911 15:53:21.776" endtime="20230911 15:53:22.790"/>
</kw>
<kw name="Close Browser" library="SeleniumLibrary">
<doc>Closes the current browser.</doc>
<status status="PASS" starttime="20230911 15:53:22.791" endtime="20230911 15:53:24.910"/>
</kw>
<status status="PASS" starttime="20230911 15:53:19.690" endtime="20230911 15:53:24.911"/>
</test>
<test id="s1-s1-t2" name="Test case 2" line="22">
<kw name="Open Browser" library="SeleniumLibrary">
<arg>${URL}</arg>
<arg>${BROWSER}</arg>
<doc>Opens a new browser instance to the optional ``url``.</doc>
<msg timestamp="20230911 15:53:24.913" level="INFO">Opening browser 'chrome' to base url 'https://www.is.fi/'.</msg>
<status status="PASS" starttime="20230911 15:53:24.913" endtime="20230911 15:53:26.855"/>
</kw>
<kw name="Maximize Browser Window" library="SeleniumLibrary">
<doc>Maximizes current browser window.</doc>
<status status="PASS" starttime="20230911 15:53:26.855" endtime="20230911 15:53:27.014"/>
</kw>
<kw name="Sleep" library="BuiltIn">
<arg>1</arg>
<doc>Pauses the test executed for the given time.</doc>
<msg timestamp="20230911 15:53:28.025" level="INFO">Slept 1 second</msg>
<status status="PASS" starttime="20230911 15:53:27.014" endtime="20230911 15:53:28.025"/>
</kw>
<kw name="Close Browser" library="SeleniumLibrary">
<doc>Closes the current browser.</doc>
<status status="PASS" starttime="20230911 15:53:28.025" endtime="20230911 15:53:30.147"/>
</kw>
<status status="PASS" starttime="20230911 15:53:24.912" endtime="20230911 15:53:30.148"/>
</test>
<status status="PASS" starttime="20230911 15:53:19.539" endtime="20230911 15:53:30.151"/>
</suite>
<status status="PASS" starttime="20230911 15:53:19.524" endtime="20230911 15:53:30.152"/>
</suite>
<statistics>
<total>
<stat pass="2" fail="0" skip="0">All Tests</stat>
</total>
<tag>
</tag>
<suite>
<stat pass="2" fail="0" skip="0" id="s1" name="Tests">Tests</stat>
<stat pass="2" fail="0" skip="0" id="s1-s1" name="Example">Tests.Example</stat>
</suite>
</statistics>
<errors>
</errors>
</robot>
