<?xml version="1.0" encoding="UTF-8"?>
<robot generator="Robot 6.1.1 (Python 3.11.3 on win32)" generated="20230919 11:06:44.985" rpa="false" schemaversion="4">
<suite id="s1" name="Example" source="C:\coding\RobotFramework_BrianLamb\example\example.robot">
<test id="s1-t1" name="Open and Close Browser" line="9">
<kw name="Open Browser" library="SeleniumLibrary">
<arg>http://www.example.com</arg>
<arg>${BROWSER}</arg>
<doc>Opens a new browser instance to the optional ``url``.</doc>
<msg timestamp="20230919 11:06:45.214" level="INFO">Opening browser 'Chrome' to base url 'http://www.example.com'.</msg>
<status status="PASS" starttime="20230919 11:06:45.213" endtime="20230919 11:06:48.652"/>
</kw>
<kw name="Close Browser" library="SeleniumLibrary">
<doc>Closes the current browser.</doc>
<status status="PASS" starttime="20230919 11:06:48.653" endtime="20230919 11:06:50.820"/>
</kw>
<status status="PASS" starttime="20230919 11:06:45.212" endtime="20230919 11:06:50.822"/>
</test>
<status status="PASS" starttime="20230919 11:06:44.989" endtime="20230919 11:06:50.827"/>
</suite>
<statistics>
<total>
<stat pass="1" fail="0" skip="0">All Tests</stat>
</total>
<tag>
</tag>
<suite>
<stat pass="1" fail="0" skip="0" id="s1" name="Example">Example</stat>
</suite>
</statistics>
<errors>
</errors>
</robot>
