<?xml version="1.0" encoding="UTF-8"?>
<robot generator="Robot 5.0 (Python 3.10.4 on win32)" generated="20230726 12:44:20.155" rpa="false" schemaversion="3">
<suite id="s1" name="Tests" source="C:\coding\RobotFramework_BrianLamb\Demo\Tests">
<suite id="s1-s1" name="DemoScript" source="C:\coding\RobotFramework_BrianLamb\Demo\Tests\DemoScript.robot">
<test id="s1-s1-t1" name="This is my first test Case" line="5">
<kw name="My Keywords">
<kw name="Log" library="BuiltIn">
<arg>This is a test</arg>
<doc>Logs the given message with the given level.</doc>
<msg timestamp="20230726 12:44:20.325" level="INFO">This is a test</msg>
<status status="PASS" starttime="20230726 12:44:20.325" endtime="20230726 12:44:20.325"/>
</kw>
<kw name="Log To Console" library="BuiltIn">
<arg>test message to console</arg>
<doc>Logs the given message to the console.</doc>
<status status="PASS" starttime="20230726 12:44:20.325" endtime="20230726 12:44:20.325"/>
</kw>
<status status="PASS" starttime="20230726 12:44:20.324" endtime="20230726 12:44:20.325"/>
</kw>
<kw name="Open Browser" library="SeleniumLibrary">
<arg>http://www.google.com</arg>
<arg>chrome</arg>
<doc>Opens a new browser instance to the optional ``url``.</doc>
<msg timestamp="20230726 12:44:20.326" level="INFO">Opening browser 'chrome' to base url 'http://www.google.com'.</msg>
<status status="PASS" starttime="20230726 12:44:20.326" endtime="20230726 12:44:22.304"/>
</kw>
<status status="PASS" starttime="20230726 12:44:20.324" endtime="20230726 12:44:22.305"/>
</test>
<status status="PASS" starttime="20230726 12:44:20.171" endtime="20230726 12:44:22.306"/>
</suite>
<status status="PASS" starttime="20230726 12:44:20.157" endtime="20230726 12:44:22.306"/>
</suite>
<statistics>
<total>
<stat pass="1" fail="0" skip="0">All Tests</stat>
</total>
<tag>
</tag>
<suite>
<stat pass="1" fail="0" skip="0" id="s1" name="Tests">Tests</stat>
<stat pass="1" fail="0" skip="0" id="s1-s1" name="DemoScript">Tests.DemoScript</stat>
</suite>
</statistics>
<errors>
</errors>
</robot>
