<?xml version="1.0" encoding="UTF-8"?>
<robot generator="Robot 6.1.1 (Python 3.11.3 on win32)" generated="20230926 11:36:47.724" rpa="false" schemaversion="4">
<suite id="s1" name="amazon qweb 37 Selenium" source="C:\coding\RobotFramework_BrianLamb\RobotFramework_2\Section_37\amazon_qweb_37_Selenium.robot">
<test id="s1-t1" name="Test case 1" line="12">
<kw name="Open Browser" library="SeleniumLibrary">
<arg>${URL}</arg>
<arg>${BROWSER}</arg>
<doc>Opens a new browser instance to the optional ``url``.</doc>
<msg timestamp="20230926 11:36:47.928" level="INFO">Opening browser 'chrome' to base url 'https://www.amazon.com'.</msg>
<status status="PASS" starttime="20230926 11:36:47.927" endtime="20230926 11:36:51.990"/>
</kw>
<kw name="Maximize Browser Window" library="SeleniumLibrary">
<doc>Maximizes current browser window.</doc>
<status status="PASS" starttime="20230926 11:36:51.992" endtime="20230926 11:36:52.111"/>
</kw>
<kw name="Sleep" library="BuiltIn">
<arg>1</arg>
<doc>Pauses the test executed for the given time.</doc>
<msg timestamp="20230926 11:36:53.112" level="INFO">Slept 1 second</msg>
<status status="PASS" starttime="20230926 11:36:52.111" endtime="20230926 11:36:53.112"/>
</kw>
<kw name="Click Element" library="SeleniumLibrary">
<arg>css=input[type$='Submit']</arg>
<doc>Click the element identified by ``locator``.</doc>
<msg timestamp="20230926 11:36:53.116" level="INFO">Clicking element 'css=input[type$='Submit']'.</msg>
<status status="PASS" starttime="20230926 11:36:53.114" endtime="20230926 11:36:54.738"/>
</kw>
<kw name="Click Element" library="SeleniumLibrary">
<arg>css=input[type$='mit']</arg>
<doc>Click the element identified by ``locator``.</doc>
<msg timestamp="20230926 11:36:54.742" level="INFO">Clicking element 'css=input[type$='mit']'.</msg>
<status status="PASS" starttime="20230926 11:36:54.741" endtime="20230926 11:36:56.115"/>
</kw>
<kw name="Sleep" library="BuiltIn">
<arg>1</arg>
<doc>Pauses the test executed for the given time.</doc>
<msg timestamp="20230926 11:36:57.116" level="INFO">Slept 1 second</msg>
<status status="PASS" starttime="20230926 11:36:56.116" endtime="20230926 11:36:57.116"/>
</kw>
<status status="PASS" starttime="20230926 11:36:47.926" endtime="20230926 11:36:57.118"/>
</test>
<status status="PASS" starttime="20230926 11:36:47.727" endtime="20230926 11:36:57.125"/>
</suite>
<statistics>
<total>
<stat pass="1" fail="0" skip="0">All Tests</stat>
</total>
<tag>
</tag>
<suite>
<stat pass="1" fail="0" skip="0" id="s1" name="amazon qweb 37 Selenium">amazon qweb 37 Selenium</stat>
</suite>
</statistics>
<errors>
</errors>
</robot>
