<?xml version="1.0" encoding="UTF-8"?>
<robot generator="Robot 6.1.1 (Python 3.11.3 on win32)" generated="20230918 14:49:43.036" rpa="false" schemaversion="4">
<suite id="s1" name="Tests" source="C:\coding\RobotFramework_BrianLamb\RobotFramework_1\Demo\Tests">
<suite id="s1-s1" name="DemoScript" source="C:\coding\RobotFramework_BrianLamb\RobotFramework_1\Demo\Tests\DemoScript.robot">
<test id="s1-s1-t1" name="This is my first test Case" line="5">
<kw name="My Keywords">
<kw name="Log" library="BuiltIn">
<arg>This is a test</arg>
<doc>Logs the given message with the given level.</doc>
<msg timestamp="20230918 14:49:43.245" level="INFO">This is a test</msg>
<status status="PASS" starttime="20230918 14:49:43.245" endtime="20230918 14:49:43.245"/>
</kw>
<kw name="Log To Console" library="BuiltIn">
<arg>test message to console</arg>
<doc>Logs the given message to the console.</doc>
<status status="PASS" starttime="20230918 14:49:43.246" endtime="20230918 14:49:43.246"/>
</kw>
<status status="PASS" starttime="20230918 14:49:43.245" endtime="20230918 14:49:43.246"/>
</kw>
<kw name="Open Browser" library="SeleniumLibrary">
<arg>http://www.google.com</arg>
<arg>chrome</arg>
<doc>Opens a new browser instance to the optional ``url``.</doc>
<msg timestamp="20230918 14:49:43.247" level="INFO">Opening browser 'chrome' to base url 'http://www.google.com'.</msg>
<msg timestamp="20230918 14:49:46.646" level="INFO">Cannot capture screenshot because no browser is open.</msg>
<msg timestamp="20230918 14:49:46.647" level="FAIL">SessionNotCreatedException: Message: session not created: This version of ChromeDriver only supports Chrome version 114
Current browser version is 117.0.5938.89 with binary path C:\Program Files\Google\Chrome\Application\chrome.exe
Stacktrace:
Backtrace:
	GetHandleVerifier [0x0045A813+48355]
	(No symbol) [0x003EC4B1]
	(No symbol) [0x002F5358]
	(No symbol) [0x003161AC]
	(No symbol) [0x00311EF3]
	(No symbol) [0x00310579]
	(No symbol) [0x00340C55]
	(No symbol) [0x0034093C]
	(No symbol) [0x0033A536]
	(No symbol) [0x003182DC]
	(No symbol) [0x003193DD]
	GetHandleVerifier [0x006BAABD+2539405]
	GetHandleVerifier [0x006FA78F+2800735]
	GetHandleVerifier [0x006F456C+2775612]
	GetHandleVerifier [0x004E51E0+616112]
	(No symbol) [0x003F5F8C]
	(No symbol) [0x003F2328]
	(No symbol) [0x003F240B]
	(No symbol) [0x003E4FF7]
	BaseThreadInitThunk [0x75ACFCC9+25]
	RtlGetAppContainerNamedObjectPath [0x77BB7B1E+286]
	RtlGetAppContainerNamedObjectPath [0x77BB7AEE+238]
</msg>
<status status="FAIL" starttime="20230918 14:49:43.247" endtime="20230918 14:49:46.658"/>
</kw>
<status status="FAIL" starttime="20230918 14:49:43.244" endtime="20230918 14:49:46.660">SessionNotCreatedException: Message: session not created: This version of ChromeDriver only supports Chrome version 114
Current browser version is 117.0.5938.89 with binary path C:\Program Files\Google\Chrome\Application\chrome.exe
Stacktrace:
Backtrace:
	GetHandleVerifier [0x0045A813+48355]
	(No symbol) [0x003EC4B1]
	(No symbol) [0x002F5358]
	(No symbol) [0x003161AC]
	(No symbol) [0x00311EF3]
	(No symbol) [0x00310579]
	(No symbol) [0x00340C55]
	(No symbol) [0x0034093C]
	(No symbol) [0x0033A536]
	(No symbol) [0x003182DC]
	(No symbol) [0x003193DD]
	GetHandleVerifier [0x006BAABD+2539405]
	GetHandleVerifier [0x006FA78F+2800735]
	GetHandleVerifier [0x006F456C+2775612]
	GetHandleVerifier [0x004E51E0+616112]
	(No symbol) [0x003F5F8C]
	(No symbol) [0x003F2328]
	(No symbol) [0x003F240B]
	(No symbol) [0x003E4FF7]
	BaseThreadInitThunk [0x75ACFCC9+25]
	RtlGetAppContainerNamedObjectPath [0x77BB7B1E+286]
	RtlGetAppContainerNamedObjectPath [0x77BB7AEE+238]
</status>
</test>
<status status="FAIL" starttime="20230918 14:49:43.065" endtime="20230918 14:49:46.677"/>
</suite>
<status status="FAIL" starttime="20230918 14:49:43.041" endtime="20230918 14:49:46.681"/>
</suite>
<statistics>
<total>
<stat pass="0" fail="1" skip="0">All Tests</stat>
</total>
<tag>
</tag>
<suite>
<stat pass="0" fail="1" skip="0" id="s1" name="Tests">Tests</stat>
<stat pass="0" fail="1" skip="0" id="s1-s1" name="DemoScript">Tests.DemoScript</stat>
</suite>
</statistics>
<errors>
</errors>
</robot>
