<?xml version="1.0" encoding="UTF-8"?>
<robot generator="Robot 5.0 (Python 3.10.4 on win32)" generated="20230729 15:20:16.592" rpa="false" schemaversion="3">
<suite id="s1" name="Front Office" source="C:\coding\RobotFramework_BrianLamb\Challenge\Tests\Front_Office.robot">
<test id="s1-t1" name="Should be able to access &quot;Team&quot; page" line="17">
<kw name="Begin Web Test" library="CommonWeb" type="SETUP">
<kw name="Open Browser" library="SeleniumLibrary">
<arg>about:blank</arg>
<arg>${BROWSER}</arg>
<doc>Opens a new browser instance to the optional ``url``.</doc>
<msg timestamp="20230729 15:20:16.842" level="INFO">Opening browser 'edge' to base url 'about:blank'.</msg>
<status status="PASS" starttime="20230729 15:20:16.842" endtime="20230729 15:20:18.077"/>
</kw>
<kw name="Maximize Browser Window" library="SeleniumLibrary">
<doc>Maximizes current browser window.</doc>
<status status="PASS" starttime="20230729 15:20:18.077" endtime="20230729 15:20:18.191"/>
</kw>
<status status="PASS" starttime="20230729 15:20:16.842" endtime="20230729 15:20:18.191"/>
</kw>
<kw name="Go To Landing Page" library="FrontOfficeApp">
<kw name="Navigate To" library="Landing">
<kw name="Go To" library="SeleniumLibrary">
<arg>${URL}</arg>
<doc>Navigates the current browser window to the provided ``url``.</doc>
<msg timestamp="20230729 15:20:18.192" level="INFO">Opening url 'https://automationplayground.com/front-office'</msg>
<status status="PASS" starttime="20230729 15:20:18.191" endtime="20230729 15:20:25.406"/>
</kw>
<status status="PASS" starttime="20230729 15:20:18.191" endtime="20230729 15:20:25.406"/>
</kw>
<kw name="Verify Page Loaded" library="Landing">
<kw name="Wait Until Page Contains Element" library="SeleniumLibrary">
<arg>${LANDING_NAVIGATION_ELEMENT}</arg>
<doc>Waits until the element ``locator`` appears on the current page.</doc>
<status status="PASS" starttime="20230729 15:20:25.407" endtime="20230729 15:20:25.416"/>
</kw>
<status status="PASS" starttime="20230729 15:20:25.406" endtime="20230729 15:20:25.416"/>
</kw>
<status status="PASS" starttime="20230729 15:20:18.191" endtime="20230729 15:20:25.416"/>
</kw>
<kw name="Go to &quot;Team&quot; Page" library="FrontOfficeApp">
<kw name="Select &quot;Team&quot; Page" library="TopNav">
<kw name="Click Element" library="SeleniumLibrary">
<arg>${TOP_NAV_TEAM_LINK}</arg>
<doc>Click the element identified by ``locator``.</doc>
<msg timestamp="20230729 15:20:25.417" level="INFO">Clicking element 'xpath=//*[@id="bs-example-navbar-collapse-1"]/ul/li[5]/a'.</msg>
<status status="PASS" starttime="20230729 15:20:25.417" endtime="20230729 15:20:25.455"/>
</kw>
<kw name="Sleep" library="BuiltIn">
<arg>3s</arg>
<doc>Pauses the test executed for the given time.</doc>
<msg timestamp="20230729 15:20:28.470" level="INFO">Slept 3 seconds</msg>
<status status="PASS" starttime="20230729 15:20:25.455" endtime="20230729 15:20:28.470"/>
</kw>
<status status="PASS" starttime="20230729 15:20:25.417" endtime="20230729 15:20:28.470"/>
</kw>
<kw name="Verify Page Loaded" library="Team">
<kw name="Wait Until Page Contains Element" library="SeleniumLibrary">
<arg>${TEAM_HEADER_LABEL}</arg>
<doc>Waits until the element ``locator`` appears on the current page.</doc>
<status status="PASS" starttime="20230729 15:20:28.470" endtime="20230729 15:20:28.478"/>
</kw>
<status status="PASS" starttime="20230729 15:20:28.470" endtime="20230729 15:20:28.479"/>
</kw>
<status status="PASS" starttime="20230729 15:20:25.417" endtime="20230729 15:20:28.479"/>
</kw>
<kw name="End Web Test" library="CommonWeb" type="TEARDOWN">
<kw name="Close All Browsers" library="SeleniumLibrary">
<doc>Closes all open browsers and resets the browser cache.</doc>
<status status="PASS" starttime="20230729 15:20:28.479" endtime="20230729 15:20:34.754"/>
</kw>
<status status="PASS" starttime="20230729 15:20:28.479" endtime="20230729 15:20:34.754"/>
</kw>
<doc>This is test 1</doc>
<tag>test1</tag>
<status status="PASS" starttime="20230729 15:20:16.841" endtime="20230729 15:20:34.755"/>
</test>
<test id="s1-t2" name="&quot;Team&quot; page should match requirements" line="23">
<kw name="Begin Web Test" library="CommonWeb" type="SETUP">
<kw name="Open Browser" library="SeleniumLibrary">
<arg>about:blank</arg>
<arg>${BROWSER}</arg>
<doc>Opens a new browser instance to the optional ``url``.</doc>
<msg timestamp="20230729 15:20:34.757" level="INFO">Opening browser 'edge' to base url 'about:blank'.</msg>
<status status="PASS" starttime="20230729 15:20:34.757" endtime="20230729 15:20:35.892"/>
</kw>
<kw name="Maximize Browser Window" library="SeleniumLibrary">
<doc>Maximizes current browser window.</doc>
<status status="PASS" starttime="20230729 15:20:35.892" endtime="20230729 15:20:36.009"/>
</kw>
<status status="PASS" starttime="20230729 15:20:34.757" endtime="20230729 15:20:36.009"/>
</kw>
<kw name="Go To Landing Page" library="FrontOfficeApp">
<kw name="Navigate To" library="Landing">
<kw name="Go To" library="SeleniumLibrary">
<arg>${URL}</arg>
<doc>Navigates the current browser window to the provided ``url``.</doc>
<msg timestamp="20230729 15:20:36.010" level="INFO">Opening url 'https://automationplayground.com/front-office'</msg>
<status status="PASS" starttime="20230729 15:20:36.010" endtime="20230729 15:20:40.804"/>
</kw>
<status status="PASS" starttime="20230729 15:20:36.010" endtime="20230729 15:20:40.804"/>
</kw>
<kw name="Verify Page Loaded" library="Landing">
<kw name="Wait Until Page Contains Element" library="SeleniumLibrary">
<arg>${LANDING_NAVIGATION_ELEMENT}</arg>
<doc>Waits until the element ``locator`` appears on the current page.</doc>
<status status="PASS" starttime="20230729 15:20:40.805" endtime="20230729 15:20:40.813"/>
</kw>
<status status="PASS" starttime="20230729 15:20:40.804" endtime="20230729 15:20:40.814"/>
</kw>
<status status="PASS" starttime="20230729 15:20:36.009" endtime="20230729 15:20:40.814"/>
</kw>
<kw name="Go to &quot;Team&quot; Page" library="FrontOfficeApp">
<kw name="Select &quot;Team&quot; Page" library="TopNav">
<kw name="Click Element" library="SeleniumLibrary">
<arg>${TOP_NAV_TEAM_LINK}</arg>
<doc>Click the element identified by ``locator``.</doc>
<msg timestamp="20230729 15:20:40.815" level="INFO">Clicking element 'xpath=//*[@id="bs-example-navbar-collapse-1"]/ul/li[5]/a'.</msg>
<status status="PASS" starttime="20230729 15:20:40.815" endtime="20230729 15:20:40.848"/>
</kw>
<kw name="Sleep" library="BuiltIn">
<arg>3s</arg>
<doc>Pauses the test executed for the given time.</doc>
<msg timestamp="20230729 15:20:43.863" level="INFO">Slept 3 seconds</msg>
<status status="PASS" starttime="20230729 15:20:40.848" endtime="20230729 15:20:43.863"/>
</kw>
<status status="PASS" starttime="20230729 15:20:40.814" endtime="20230729 15:20:43.863"/>
</kw>
<kw name="Verify Page Loaded" library="Team">
<kw name="Wait Until Page Contains Element" library="SeleniumLibrary">
<arg>${TEAM_HEADER_LABEL}</arg>
<doc>Waits until the element ``locator`` appears on the current page.</doc>
<status status="PASS" starttime="20230729 15:20:43.863" endtime="20230729 15:20:43.871"/>
</kw>
<status status="PASS" starttime="20230729 15:20:43.863" endtime="20230729 15:20:43.872"/>
</kw>
<status status="PASS" starttime="20230729 15:20:40.814" endtime="20230729 15:20:43.872"/>
</kw>
<kw name="Validate to &quot;Team&quot; Page" library="FrontOfficeApp">
<kw name="Validate Page Contents" library="Team">
<kw name="Get Text" library="SeleniumLibrary">
<var>${Element text}</var>
<arg>${TEAM_HEADER_LABEL}</arg>
<doc>Returns the text value of the element identified by ``locator``.</doc>
<msg timestamp="20230729 15:20:43.889" level="INFO">${Element text} = OUR AMAZING TEAM</msg>
<status status="PASS" starttime="20230729 15:20:43.872" endtime="20230729 15:20:43.889"/>
</kw>
<kw name="Should Be Equal As Strings" library="BuiltIn">
<arg>${Element text}</arg>
<arg>Our Amazing Team</arg>
<arg>ignore_case=${True}</arg>
<doc>Fails if objects are unequal after converting them to strings.</doc>
<status status="PASS" starttime="20230729 15:20:43.889" endtime="20230729 15:20:43.889"/>
</kw>
<status status="PASS" starttime="20230729 15:20:43.872" endtime="20230729 15:20:43.889"/>
</kw>
<status status="PASS" starttime="20230729 15:20:43.872" endtime="20230729 15:20:43.889"/>
</kw>
<kw name="End Web Test" library="CommonWeb" type="TEARDOWN">
<kw name="Close All Browsers" library="SeleniumLibrary">
<doc>Closes all open browsers and resets the browser cache.</doc>
<status status="PASS" starttime="20230729 15:20:43.890" endtime="20230729 15:20:50.156"/>
</kw>
<status status="PASS" starttime="20230729 15:20:43.890" endtime="20230729 15:20:50.156"/>
</kw>
<doc>This is test 2</doc>
<tag>test2</tag>
<status status="PASS" starttime="20230729 15:20:34.756" endtime="20230729 15:20:50.157"/>
</test>
<doc>Some docs concerning the whole suite</doc>
<status status="PASS" starttime="20230729 15:20:16.594" endtime="20230729 15:20:50.158"/>
</suite>
<statistics>
<total>
<stat pass="2" fail="0" skip="0">All Tests</stat>
</total>
<tag>
<stat pass="1" fail="0" skip="0">test1</stat>
<stat pass="1" fail="0" skip="0">test2</stat>
</tag>
<suite>
<stat pass="2" fail="0" skip="0" id="s1" name="Front Office">Front Office</stat>
</suite>
</statistics>
<errors>
</errors>
</robot>
