<?xml version="1.0" encoding="UTF-8"?>
<robot generator="Robot 6.1.1 (Python 3.11.3 on win32)" generated="20230926 13:38:59.052" rpa="false" schemaversion="4">
<suite id="s1" name="amazon qweb 39 Selenium" source="C:\coding\RobotFramework_BrianLamb\RobotFramework_2\Section_39\amazon_qweb_39_Selenium.robot">
<test id="s1-t1" name="Test case 1" line="13">
<kw name="Open Browser" library="SeleniumLibrary">
<arg>${URL}</arg>
<arg>${BROWSER}</arg>
<doc>Opens a new browser instance to the optional ``url``.</doc>
<msg timestamp="20230926 13:38:59.265" level="INFO">Opening browser 'chrome' to base url 'https://www.amazon.com'.</msg>
<status status="PASS" starttime="20230926 13:38:59.264" endtime="20230926 13:39:03.630"/>
</kw>
<kw name="Maximize Browser Window" library="SeleniumLibrary">
<doc>Maximizes current browser window.</doc>
<status status="PASS" starttime="20230926 13:39:03.631" endtime="20230926 13:39:03.857"/>
</kw>
<kw name="Sleep" library="BuiltIn">
<arg>1</arg>
<doc>Pauses the test executed for the given time.</doc>
<msg timestamp="20230926 13:39:04.858" level="INFO">Slept 1 second</msg>
<status status="PASS" starttime="20230926 13:39:03.857" endtime="20230926 13:39:04.858"/>
</kw>
<kw name="Click Element" library="SeleniumLibrary">
<arg>xpath=//input[@id='nav-search-submit-button']</arg>
<doc>Click the element identified by ``locator``.</doc>
<msg timestamp="20230926 13:39:04.859" level="INFO">Clicking element 'xpath=//input[@id='nav-search-submit-button']'.</msg>
<status status="PASS" starttime="20230926 13:39:04.859" endtime="20230926 13:39:05.806"/>
</kw>
<kw name="Sleep" library="BuiltIn">
<arg>1</arg>
<doc>Pauses the test executed for the given time.</doc>
<msg timestamp="20230926 13:39:06.808" level="INFO">Slept 1 second</msg>
<status status="PASS" starttime="20230926 13:39:05.806" endtime="20230926 13:39:06.808"/>
</kw>
<status status="PASS" starttime="20230926 13:38:59.263" endtime="20230926 13:39:06.809"/>
</test>
<status status="PASS" starttime="20230926 13:38:59.055" endtime="20230926 13:39:06.810"/>
</suite>
<statistics>
<total>
<stat pass="1" fail="0" skip="0">All Tests</stat>
</total>
<tag>
</tag>
<suite>
<stat pass="1" fail="0" skip="0" id="s1" name="amazon qweb 39 Selenium">amazon qweb 39 Selenium</stat>
</suite>
</statistics>
<errors>
</errors>
</robot>
