<?xml version="1.0" encoding="UTF-8"?>
<robot generator="Robot 6.1.1 (Python 3.11.3 on win32)" generated="20230929 14:36:38.729" rpa="false" schemaversion="4">
<suite id="s1" name="Amazon Qweb 05" source="C:\coding\RobotFramework_BrianLamb\RobotFramework_2\Section_6b\Lesson_34\amazon_qweb_05.robot">
<test id="s1-t1" name="Test case 1" line="10">
<kw name="Open Browser" library="QWeb">
<arg>${URL}</arg>
<arg>${BROWSER}</arg>
<tag>Browser</tag>
<tag>Interaction</tag>
<doc>Open new browser to given url.</doc>
<msg timestamp="20230929 14:36:57.068" level="INFO">
QWeb version number: 2.2.2</msg>
<msg timestamp="20230929 14:36:58.468" level="INFO">Browser: chrome</msg>
<msg timestamp="20230929 14:36:58.468" level="INFO">Browser version: 117.0.5938.92</msg>
<msg timestamp="20230929 14:36:58.468" level="INFO">Chromedriver version: 116.0.5845.96 (1a391816688002153ef791ffe60d9e899a71a037-refs/branch-heads/5845@{#1382})</msg>
<status status="PASS" starttime="20230929 14:36:57.067" endtime="20230929 14:37:01.751"/>
</kw>
<kw name="Sleep" library="BuiltIn">
<arg>1</arg>
<doc>Pauses the test executed for the given time.</doc>
<msg timestamp="20230929 14:37:02.752" level="INFO">Slept 1 second</msg>
<status status="PASS" starttime="20230929 14:37:01.752" endtime="20230929 14:37:02.752"/>
</kw>
<kw name="Click Element" library="QWeb">
<arg>xpath=/html/body/div[1]/div[1]/div[2]/div[1]/div[7]/div/div[1]/h2</arg>
<tag>Interaction</tag>
<doc>Click element specified by xpath.</doc>
<status status="PASS" starttime="20230929 14:37:02.753" endtime="20230929 14:37:02.940"/>
</kw>
<kw name="Sleep" library="BuiltIn">
<arg>5</arg>
<doc>Pauses the test executed for the given time.</doc>
<msg timestamp="20230929 14:37:07.941" level="INFO">Slept 5 seconds</msg>
<status status="PASS" starttime="20230929 14:37:02.941" endtime="20230929 14:37:07.941"/>
</kw>
<kw name="Click Text" library="QWeb">
<arg>Home</arg>
<arg>anchor=Refresh your space</arg>
<arg>css=False</arg>
<tag>Interaction</tag>
<tag>Text</tag>
<doc>Click text on web page.</doc>
<status status="PASS" starttime="20230929 14:37:07.944" endtime="20230929 14:37:11.801"/>
</kw>
<kw name="Sleep" library="BuiltIn">
<arg>5</arg>
<doc>Pauses the test executed for the given time.</doc>
<msg timestamp="20230929 14:37:16.803" level="INFO">Slept 5 seconds</msg>
<status status="PASS" starttime="20230929 14:37:11.802" endtime="20230929 14:37:16.803"/>
</kw>
<kw name="Close Browser" library="QWeb">
<tag>Browser</tag>
<tag>Interaction</tag>
<doc>Close current browser.</doc>
<msg timestamp="20230929 14:37:16.809" level="INFO">${BROWSER_REUSE} = False</msg>
<status status="PASS" starttime="20230929 14:37:16.806" endtime="20230929 14:37:23.138"/>
</kw>
<status status="PASS" starttime="20230929 14:36:57.066" endtime="20230929 14:37:23.139"/>
</test>
<status status="PASS" starttime="20230929 14:36:38.732" endtime="20230929 14:37:23.144"/>
</suite>
<statistics>
<total>
<stat pass="1" fail="0" skip="0">All Tests</stat>
</total>
<tag>
</tag>
<suite>
<stat pass="1" fail="0" skip="0" id="s1" name="Amazon Qweb 05">Amazon Qweb 05</stat>
</suite>
</statistics>
<errors>
</errors>
</robot>
