<?xml version="1.0" encoding="UTF-8"?>
<robot generator="Robot 6.1.1 (Python 3.11.3 on win32)" generated="20230926 10:45:26.022" rpa="false" schemaversion="4">
<suite id="s1" name="amazon qweb 06 Selenium" source="C:\coding\RobotFramework_BrianLamb\RobotFramework_2\Section_35\amazon_qweb_06_Selenium.robot">
<test id="s1-t1" name="Test case 1" line="11">
<kw name="Open Browser" library="SeleniumLibrary">
<arg>${URL}</arg>
<arg>${BROWSER}</arg>
<doc>Opens a new browser instance to the optional ``url``.</doc>
<msg timestamp="20230926 10:45:26.218" level="INFO">Opening browser 'chrome' to base url 'https://www.amazon.com'.</msg>
<status status="PASS" starttime="20230926 10:45:26.218" endtime="20230926 10:45:30.715"/>
</kw>
<kw name="Maximize Browser Window" library="SeleniumLibrary">
<doc>Maximizes current browser window.</doc>
<status status="PASS" starttime="20230926 10:45:30.715" endtime="20230926 10:45:30.934"/>
</kw>
<kw name="Sleep" library="BuiltIn">
<arg>1</arg>
<doc>Pauses the test executed for the given time.</doc>
<msg timestamp="20230926 10:45:31.937" level="INFO">Slept 1 second</msg>
<status status="PASS" starttime="20230926 10:45:30.935" endtime="20230926 10:45:31.937"/>
</kw>
<kw name="Click Element" library="SeleniumLibrary">
<arg>xpath=//input[@id='nav-search-submit-button']</arg>
<doc>Click the element identified by ``locator``.</doc>
<msg timestamp="20230926 10:45:31.938" level="INFO">Clicking element 'xpath=//input[@id='nav-search-submit-button']'.</msg>
<status status="PASS" starttime="20230926 10:45:31.937" endtime="20230926 10:45:32.971"/>
</kw>
<kw name="Click Element" library="SeleniumLibrary">
<arg>css=#nav-search-submit-button</arg>
<doc>Click the element identified by ``locator``.</doc>
<msg timestamp="20230926 10:45:32.976" level="INFO">Clicking element 'css=#nav-search-submit-button'.</msg>
<status status="PASS" starttime="20230926 10:45:32.975" endtime="20230926 10:45:34.094"/>
</kw>
<kw name="Sleep" library="BuiltIn">
<arg>5</arg>
<doc>Pauses the test executed for the given time.</doc>
<msg timestamp="20230926 10:45:39.096" level="INFO">Slept 5 seconds</msg>
<status status="PASS" starttime="20230926 10:45:34.095" endtime="20230926 10:45:39.096"/>
</kw>
<status status="PASS" starttime="20230926 10:45:26.217" endtime="20230926 10:45:39.096"/>
</test>
<status status="PASS" starttime="20230926 10:45:26.026" endtime="20230926 10:45:39.098"/>
</suite>
<statistics>
<total>
<stat pass="1" fail="0" skip="0">All Tests</stat>
</total>
<tag>
</tag>
<suite>
<stat pass="1" fail="0" skip="0" id="s1" name="amazon qweb 06 Selenium">amazon qweb 06 Selenium</stat>
</suite>
</statistics>
<errors>
</errors>
</robot>
