<?xml version="1.0" encoding="UTF-8"?>
<robot generator="Robot 5.0 (Python 3.10.4 on win32)" generated="20230911 16:27:48.192" rpa="false" schemaversion="3">
<suite id="s1" name="Amazon" source="C:\coding\RobotFramework_BrianLamb\RobotFramework_2\Iltasanomat_6\Tests\amazon.robot">
<test id="s1-t1" name="Test case 1" line="14">
<kw name="Open Browser" library="QWeb">
<arg>${URL}</arg>
<arg>${BROWSER}</arg>
<tag>Browser</tag>
<tag>Interaction</tag>
<doc>Open new browser to given url.</doc>
<msg timestamp="20230911 16:27:49.146" level="INFO">
QWeb version number: 2.1.1</msg>
<msg timestamp="20230911 16:27:50.353" level="INFO">Browser: chrome</msg>
<msg timestamp="20230911 16:27:50.353" level="INFO">Browser version: 116.0.5845.180</msg>
<msg timestamp="20230911 16:27:50.353" level="INFO">Chromedriver version: 116.0.5845.96 (1a391816688002153ef791ffe60d9e899a71a037-refs/branch-heads/5845@{#1382})</msg>
<status status="PASS" starttime="20230911 16:27:49.145" endtime="20230911 16:27:51.757"/>
</kw>
<kw name="Click Element" library="QWeb">
<arg>xpath=//*[@id="nav-xshop"]/a[5]</arg>
<tag>Interaction</tag>
<doc>Click element specified by xpath.</doc>
<status status="PASS" starttime="20230911 16:27:51.758" endtime="20230911 16:27:54.624"/>
</kw>
<kw name="Sleep" library="BuiltIn">
<arg>1</arg>
<doc>Pauses the test executed for the given time.</doc>
<msg timestamp="20230911 16:27:55.631" level="INFO">Slept 1 second</msg>
<status status="PASS" starttime="20230911 16:27:54.624" endtime="20230911 16:27:55.631"/>
</kw>
<kw name="Close Browser" library="QWeb">
<tag>Browser</tag>
<tag>Interaction</tag>
<doc>Close current browser.</doc>
<msg timestamp="20230911 16:27:55.632" level="INFO">${BROWSER_REUSE} = False</msg>
<status status="PASS" starttime="20230911 16:27:55.631" endtime="20230911 16:28:01.814"/>
</kw>
<status status="PASS" starttime="20230911 16:27:49.144" endtime="20230911 16:28:01.815"/>
</test>
<status status="PASS" starttime="20230911 16:27:48.193" endtime="20230911 16:28:01.816"/>
</suite>
<statistics>
<total>
<stat pass="1" fail="0" skip="0">All Tests</stat>
</total>
<tag>
</tag>
<suite>
<stat pass="1" fail="0" skip="0" id="s1" name="Amazon">Amazon</stat>
</suite>
</statistics>
<errors>
</errors>
</robot>
